.
..
.ICAClient
.TTauthority
.Xauthority
.Xdefaults_pb
.Xdefaults_ts
.acrorc
.addressbook
.addressbook.lu
.cshrc
.cshrc~
.cvspass
.desksetdefaults
.dt
.dtprofile
.emacs
.fm
.fullcircle
.isched
.java
.login
.modulesbeginenv
.my_prompt
.netscape
.pine-debug1
.pine-debug2
.pine-debug3
.pine-debug4
.pinerc
.reminders
.rhosts
.saves-744-seminole.wc.cray.com~
.solregis
.ssh
.tkremindrc
.wastebasket
.wmaker.log
.wmaker.module.error
BoM
GASP
VPN
auctex-10.0g
auctex.tar
cshrc_stern
dead.letter
docs
elisp
mail
montly_reports
nsmail
ocean
sdtsmartcardadmin.log
sqlnet.log
tmp
tst
vi.ps
vpn.ps
